17-Jul-2014 11:27:01.265 052840896/181952512 NE_REMOTE%internal%Starting remote...
17-Jul-2014 11:27:33.254 097810832/181952512 NE_REMOTE%internal%Java heap memory garbage-collector run...
17-Jul-2014 11:28:04.884 098513368/181952512 NE_REMOTE%internal%Java heap memory garbage-collector run...
17-Jul-2014 11:28:36.500 098503584/181952512 NE_REMOTE%internal%Java heap memory garbage-collector run...
17-Jul-2014 11:29:18.588 101442704/189276160 NE_REMOTE%internal%Java heap memory garbage-collector run...
17-Jul-2014 11:29:55.612 104723848/189276160 NE_REMOTE%internal%Java heap memory garbage-collector run...
17-Jul-2014 11:30:28.135 104451528/189276160 NE_REMOTE%internal%Java heap memory garbage-collector run...
17-Jul-2014 11:30:59.850 104418656/189276160 NE_REMOTE%internal%Java heap memory garbage-collector run...
17-Jul-2014 11:31:31.482 104401840/189276160 NE_REMOTE%internal%Java heap memory garbage-collector run...
17-Jul-2014 11:32:03.140 104424720/189276160 NE_REMOTE%internal%Java heap memory garbage-collector run...
17-Jul-2014 11:32:34.752 104466936/189276160 NE_REMOTE%internal%Java heap memory garbage-collector run...
17-Jul-2014 11:33:06.373 104058776/189276160 NE_REMOTE%internal%Java heap memory garbage-collector run...
17-Jul-2014 11:33:37.995 104432008/189276160 NE_REMOTE%internal%Java heap memory garbage-collector run...
17-Jul-2014 11:34:09.664 104803680/189276160 NE_REMOTE%internal%Java heap memory garbage-collector run...
17-Jul-2014 11:34:25.296 102125024/189276160 15287908%auth%ne_remote%columbia%okace290
17-Jul-2014 11:34:25.571 099744344/189276160 63293967%ne_remote%columbia%ace290%traslice
17-Jul-2014 11:34:25.721 096948976/189276160 57151759%ne_remote%columbia%ace290%sagslice
17-Jul-2014 11:34:25.735 096932728/189276160 81962226%ne_remote%columbia%ace290%corslice
17-Jul-2014 11:34:25.821 096074344/189276160 71269019%ne_remote%columbia%ace290%uistate
17-Jul-2014 11:34:25.891 094924552/189276160 56038520%ne_remote%columbia%ace290%dir%/
17-Jul-2014 11:34:27.371 092762672/189276160 88568582%ne_remote%columbia%ace290%cpos%0%7%41
17-Jul-2014 11:34:27.474 085050000/189276160 31745842%ne_remote%columbia%ace290%corslice
17-Jul-2014 11:34:27.487 084944904/189276160 78307794%ne_remote%columbia%ace290%tcplot
17-Jul-2014 11:34:27.505 084582408/189276160 30004385%ne_remote%columbia%ace290%sagslice
17-Jul-2014 11:34:27.517 084582376/189276160 53764031%ne_remote%columbia%ace290%traslice
17-Jul-2014 11:34:43.490 102992920/191864832 NE_REMOTE%internal%Java heap memory garbage-collector run...
17-Jul-2014 11:35:16.692 090240328/191864832 72505647%ne_remote%columbia%ace290%sagslice
17-Jul-2014 11:35:16.703 090240328/191864832 96579264%ne_remote%columbia%ace290%traslice
17-Jul-2014 11:35:16.714 090182208/191864832 18280920%ne_remote%columbia%ace290%corslice
17-Jul-2014 11:35:16.817 088620192/191864832 51957396%ne_remote%columbia%ace290%uistate
17-Jul-2014 11:35:16.879 088307240/191864832 57165494%ne_remote%columbia%ace290%dir%/
17-Jul-2014 11:35:18.662 103732768/193900544 NE_REMOTE%internal%Java heap memory garbage-collector run...
17-Jul-2014 11:35:50.335 104132240/193900544 NE_REMOTE%internal%Java heap memory garbage-collector run...
17-Jul-2014 11:36:21.992 109836328/193900544 NE_REMOTE%internal%Java heap memory garbage-collector run...
17-Jul-2014 11:36:53.617 110055440/193900544 NE_REMOTE%internal%Java heap memory garbage-collector run...
17-Jul-2014 11:37:25.236 109789176/193900544 NE_REMOTE%internal%Java heap memory garbage-collector run...
17-Jul-2014 11:37:56.855 109766016/193900544 NE_REMOTE%internal%Java heap memory garbage-collector run...
17-Jul-2014 11:38:28.490 109941600/193900544 NE_REMOTE%internal%Java heap memory garbage-collector run...
17-Jul-2014 11:39:00.098 109867176/193900544 NE_REMOTE%internal%Java heap memory garbage-collector run...
17-Jul-2014 11:39:31.699 109897568/193900544 NE_REMOTE%internal%Java heap memory garbage-collector run...
17-Jul-2014 11:40:03.289 109874784/193900544 NE_REMOTE%internal%Java heap memory garbage-collector run...
17-Jul-2014 11:40:34.881 109939280/193900544 NE_REMOTE%internal%Java heap memory garbage-collector run...
17-Jul-2014 11:41:06.470 109918648/193900544 NE_REMOTE%internal%Java heap memory garbage-collector run...
17-Jul-2014 11:41:38.074 109897944/193900544 NE_REMOTE%internal%Java heap memory garbage-collector run...
17-Jul-2014 11:42:09.674 109743784/193900544 NE_REMOTE%internal%Java heap memory garbage-collector run...
17-Jul-2014 11:42:41.303 109820536/193900544 NE_REMOTE%internal%Java heap memory garbage-collector run...
17-Jul-2014 11:43:12.905 110198360/193900544 NE_REMOTE%internal%Java heap memory garbage-collector run...
17-Jul-2014 11:43:44.484 110311256/193900544 NE_REMOTE%internal%Java heap memory garbage-collector run...
17-Jul-2014 11:44:16.065 110290624/193900544 NE_REMOTE%internal%Java heap memory garbage-collector run...
17-Jul-2014 11:44:47.673 110930928/193900544 NE_REMOTE%internal%Java heap memory garbage-collector run...
17-Jul-2014 11:45:19.248 110910208/193900544 NE_REMOTE%internal%Java heap memory garbage-collector run...
17-Jul-2014 11:45:50.840 110889576/193900544 NE_REMOTE%internal%Java heap memory garbage-collector run...
17-Jul-2014 11:46:22.420 110868944/193900544 NE_REMOTE%internal%Java heap memory garbage-collector run...
17-Jul-2014 11:46:53.992 110930928/193900544 NE_REMOTE%internal%Java heap memory garbage-collector run...
17-Jul-2014 11:47:25.579 110910296/193900544 NE_REMOTE%internal%Java heap memory garbage-collector run...
17-Jul-2014 11:47:57.162 110814112/193900544 NE_REMOTE%internal%Java heap memory garbage-collector run...
17-Jul-2014 11:48:28.757 110869032/193900544 NE_REMOTE%internal%Java heap memory garbage-collector run...
17-Jul-2014 11:49:00.361 110928864/193900544 NE_REMOTE%internal%Java heap memory garbage-collector run...
17-Jul-2014 11:49:31.964 110910296/193900544 NE_REMOTE%internal%Java heap memory garbage-collector run...
17-Jul-2014 11:50:03.543 110889576/193900544 NE_REMOTE%internal%Java heap memory garbage-collector run...
17-Jul-2014 11:50:35.133 110868944/193900544 NE_REMOTE%internal%Java heap memory garbage-collector run...
17-Jul-2014 11:51:06.730 110931168/193900544 NE_REMOTE%internal%Java heap memory garbage-collector run...
17-Jul-2014 11:51:38.303 110910536/193900544 NE_REMOTE%internal%Java heap memory garbage-collector run...
17-Jul-2014 11:52:09.898 110889904/193900544 NE_REMOTE%internal%Java heap memory garbage-collector run...
17-Jul-2014 11:52:41.510 110869272/193900544 NE_REMOTE%internal%Java heap memory garbage-collector run...
17-Jul-2014 11:53:13.084 110931168/193900544 NE_REMOTE%internal%Java heap memory garbage-collector run...
17-Jul-2014 11:53:44.674 110910536/193900544 NE_REMOTE%internal%Java heap memory garbage-collector run...
17-Jul-2014 11:54:16.250 110888128/193900544 NE_REMOTE%internal%Java heap memory garbage-collector run...
17-Jul-2014 11:54:47.841 110867496/193900544 NE_REMOTE%internal%Java heap memory garbage-collector run...
17-Jul-2014 11:55:19.423 110929392/193900544 NE_REMOTE%internal%Java heap memory garbage-collector run...
17-Jul-2014 11:55:51.006 110908760/193900544 NE_REMOTE%internal%Java heap memory garbage-collector run...
17-Jul-2014 11:56:22.583 110888128/193900544 NE_REMOTE%internal%Java heap memory garbage-collector run...
17-Jul-2014 11:56:54.157 110791944/193900544 NE_REMOTE%internal%Java heap memory garbage-collector run...
17-Jul-2014 11:57:25.741 110926728/193900544 NE_REMOTE%internal%Java heap memory garbage-collector run...
17-Jul-2014 11:57:57.344 110906696/193900544 NE_REMOTE%internal%Java heap memory garbage-collector run...
17-Jul-2014 11:58:28.920 110888128/193900544 NE_REMOTE%internal%Java heap memory garbage-collector run...
17-Jul-2014 11:59:00.501 110867496/193900544 NE_REMOTE%internal%Java heap memory garbage-collector run...
17-Jul-2014 11:59:32.072 110929392/193900544 NE_REMOTE%internal%Java heap memory garbage-collector run...
17-Jul-2014 12:00:03.671 110908672/193900544 NE_REMOTE%internal%Java heap memory garbage-collector run...
17-Jul-2014 12:00:35.250 110888040/193900544 NE_REMOTE%internal%Java heap memory garbage-collector run...
17-Jul-2014 12:01:06.833 110867408/193900544 NE_REMOTE%internal%Java heap memory garbage-collector run...
17-Jul-2014 12:01:38.410 110929392/193900544 NE_REMOTE%internal%Java heap memory garbage-collector run...
17-Jul-2014 12:02:09.985 110908760/193900544 NE_REMOTE%internal%Java heap memory garbage-collector run...
17-Jul-2014 12:02:41.575 110888128/193900544 NE_REMOTE%internal%Java heap memory garbage-collector run...
17-Jul-2014 12:03:13.166 110867496/193900544 NE_REMOTE%internal%Java heap memory garbage-collector run...
17-Jul-2014 12:03:44.756 110929392/193900544 NE_REMOTE%internal%Java heap memory garbage-collector run...
17-Jul-2014 12:04:16.336 110908760/193900544 NE_REMOTE%internal%Java heap memory garbage-collector run...
17-Jul-2014 12:04:47.925 110888128/193900544 NE_REMOTE%internal%Java heap memory garbage-collector run...
17-Jul-2014 12:05:19.512 110867408/193900544 NE_REMOTE%internal%Java heap memory garbage-collector run...
17-Jul-2014 12:05:51.104 110853840/193900544 NE_REMOTE%internal%Java heap memory garbage-collector run...
17-Jul-2014 12:06:22.684 110908760/193900544 NE_REMOTE%internal%Java heap memory garbage-collector run...
17-Jul-2014 12:06:54.260 110810512/193900544 NE_REMOTE%internal%Java heap memory garbage-collector run...
17-Jul-2014 12:07:25.840 110864832/193900544 NE_REMOTE%internal%Java heap memory garbage-collector run...
17-Jul-2014 12:07:57.424 110929392/193900544 NE_REMOTE%internal%Java heap memory garbage-collector run...
17-Jul-2014 12:08:29.006 110908760/193900544 NE_REMOTE%internal%Java heap memory garbage-collector run...
17-Jul-2014 12:09:00.577 110888128/193900544 NE_REMOTE%internal%Java heap memory garbage-collector run...
17-Jul-2014 12:09:32.175 110867496/193900544 NE_REMOTE%internal%Java heap memory garbage-collector run...
17-Jul-2014 12:10:03.761 110929392/193900544 NE_REMOTE%internal%Java heap memory garbage-collector run...
17-Jul-2014 12:10:35.351 110908760/193900544 NE_REMOTE%internal%Java heap memory garbage-collector run...
17-Jul-2014 12:11:06.945 110888128/193900544 NE_REMOTE%internal%Java heap memory garbage-collector run...
17-Jul-2014 12:11:38.533 110867496/193900544 NE_REMOTE%internal%Java heap memory garbage-collector run...
17-Jul-2014 12:12:10.135 110929392/193900544 NE_REMOTE%internal%Java heap memory garbage-collector run...
17-Jul-2014 12:12:41.736 110908760/193900544 NE_REMOTE%internal%Java heap memory garbage-collector run...
17-Jul-2014 12:13:13.331 110888128/193900544 NE_REMOTE%internal%Java heap memory garbage-collector run...
17-Jul-2014 12:13:44.942 110867496/193900544 NE_REMOTE%internal%Java heap memory garbage-collector run...
17-Jul-2014 12:14:16.545 110929392/193900544 NE_REMOTE%internal%Java heap memory garbage-collector run...
17-Jul-2014 12:14:48.149 110833208/193900544 NE_REMOTE%internal%Java heap memory garbage-collector run...
17-Jul-2014 12:15:19.736 110888040/193900544 NE_REMOTE%internal%Java heap memory garbage-collector run...
17-Jul-2014 12:15:51.313 110865344/193900544 NE_REMOTE%internal%Java heap memory garbage-collector run...
17-Jul-2014 12:16:22.899 110929392/193900544 NE_REMOTE%internal%Java heap memory garbage-collector run...
17-Jul-2014 12:16:54.495 110908760/193900544 NE_REMOTE%internal%Java heap memory garbage-collector run...
17-Jul-2014 12:17:26.070 110888128/193900544 NE_REMOTE%internal%Java heap memory garbage-collector run...
17-Jul-2014 12:17:57.657 110867496/193900544 NE_REMOTE%internal%Java heap memory garbage-collector run...
17-Jul-2014 12:18:29.260 110929392/193900544 NE_REMOTE%internal%Java heap memory garbage-collector run...
17-Jul-2014 12:19:00.848 110908760/193900544 NE_REMOTE%internal%Java heap memory garbage-collector run...
17-Jul-2014 12:19:32.458 110888128/193900544 NE_REMOTE%internal%Java heap memory garbage-collector run...
17-Jul-2014 12:20:04.060 110867408/193900544 NE_REMOTE%internal%Java heap memory garbage-collector run...
17-Jul-2014 12:20:35.678 108140288/201797632 NE_REMOTE%internal%Java heap memory garbage-collector run...
17-Jul-2014 12:21:07.291 110583768/206561280 NE_REMOTE%internal%Java heap memory garbage-collector run...
17-Jul-2014 12:21:38.899 112382008/209993728 NE_REMOTE%internal%Java heap memory garbage-collector run...
17-Jul-2014 12:22:10.514 115489744/215863296 NE_REMOTE%internal%Java heap memory garbage-collector run...
17-Jul-2014 12:22:42.171 120840672/215863296 NE_REMOTE%internal%Java heap memory garbage-collector run...
17-Jul-2014 12:23:13.788 120119288/215863296 NE_REMOTE%internal%Java heap memory garbage-collector run...
17-Jul-2014 12:23:45.407 119445752/215863296 NE_REMOTE%internal%Java heap memory garbage-collector run...
17-Jul-2014 12:24:17.020 119016992/215863296 NE_REMOTE%internal%Java heap memory garbage-collector run...
17-Jul-2014 12:24:48.672 120589888/215863296 NE_REMOTE%internal%Java heap memory garbage-collector run...
17-Jul-2014 12:25:20.290 119903224/215863296 NE_REMOTE%internal%Java heap memory garbage-collector run...
17-Jul-2014 12:25:51.914 119398632/215863296 NE_REMOTE%internal%Java heap memory garbage-collector run...
17-Jul-2014 12:26:23.521 118960736/215863296 NE_REMOTE%internal%Java heap memory garbage-collector run...
17-Jul-2014 12:26:55.143 120297360/215863296 NE_REMOTE%internal%Java heap memory garbage-collector run...
17-Jul-2014 12:27:26.752 119653216/215863296 NE_REMOTE%internal%Java heap memory garbage-collector run...
17-Jul-2014 12:27:58.350 118398104/215863296 NE_REMOTE%internal%Java heap memory garbage-collector run...
17-Jul-2014 12:28:29.978 118457816/215863296 NE_REMOTE%internal%Java heap memory garbage-collector run...
17-Jul-2014 12:29:01.609 126850416/215863296 NE_REMOTE%internal%Java heap memory garbage-collector run...
17-Jul-2014 12:29:33.217 126463512/215863296 NE_REMOTE%internal%Java heap memory garbage-collector run...
17-Jul-2014 12:30:04.849 125890536/215863296 NE_REMOTE%internal%Java heap memory garbage-collector run...
17-Jul-2014 12:30:36.437 125762400/215863296 NE_REMOTE%internal%Java heap memory garbage-collector run...
17-Jul-2014 12:31:08.065 126387368/215863296 NE_REMOTE%internal%Java heap memory garbage-collector run...
17-Jul-2014 12:31:39.659 123811024/215863296 NE_REMOTE%internal%Java heap memory garbage-collector run...
17-Jul-2014 12:32:11.275 122252272/215863296 NE_REMOTE%internal%Java heap memory garbage-collector run...
17-Jul-2014 12:32:42.891 122023456/215863296 NE_REMOTE%internal%Java heap memory garbage-collector run...
17-Jul-2014 12:33:14.532 123479384/215863296 NE_REMOTE%internal%Java heap memory garbage-collector run...
17-Jul-2014 12:33:46.165 122723312/215863296 NE_REMOTE%internal%Java heap memory garbage-collector run...
17-Jul-2014 12:34:17.770 120876832/215863296 NE_REMOTE%internal%Java heap memory garbage-collector run...
17-Jul-2014 12:34:49.388 119897280/215863296 NE_REMOTE%internal%Java heap memory garbage-collector run...
17-Jul-2014 12:35:21.025 121684760/215863296 NE_REMOTE%internal%Java heap memory garbage-collector run...
17-Jul-2014 12:35:52.632 121185144/215863296 NE_REMOTE%internal%Java heap memory garbage-collector run...
17-Jul-2014 12:36:24.260 120820688/215863296 NE_REMOTE%internal%Java heap memory garbage-collector run...
17-Jul-2014 12:36:55.880 120262376/215863296 NE_REMOTE%internal%Java heap memory garbage-collector run...
17-Jul-2014 12:37:27.506 121685064/215863296 NE_REMOTE%internal%Java heap memory garbage-collector run...
17-Jul-2014 12:37:59.100 120515976/215863296 NE_REMOTE%internal%Java heap memory garbage-collector run...
17-Jul-2014 12:38:30.711 119596104/215863296 NE_REMOTE%internal%Java heap memory garbage-collector run...
17-Jul-2014 12:39:02.325 118467616/215863296 NE_REMOTE%internal%Java heap memory garbage-collector run...
17-Jul-2014 12:39:33.950 123562200/215863296 NE_REMOTE%internal%Java heap memory garbage-collector run...
17-Jul-2014 12:40:05.569 121817152/215863296 NE_REMOTE%internal%Java heap memory garbage-collector run...
17-Jul-2014 12:40:37.187 119660448/215863296 NE_REMOTE%internal%Java heap memory garbage-collector run...
17-Jul-2014 12:41:08.793 118922144/215863296 NE_REMOTE%internal%Java heap memory garbage-collector run...
17-Jul-2014 12:41:40.467 122142808/215863296 NE_REMOTE%internal%Java heap memory garbage-collector run...
17-Jul-2014 12:42:12.089 121348664/215863296 NE_REMOTE%internal%Java heap memory garbage-collector run...
17-Jul-2014 12:42:43.687 120735168/215863296 NE_REMOTE%internal%Java heap memory garbage-collector run...
17-Jul-2014 12:43:15.446 116332448/217554944 NE_REMOTE%internal%Java heap memory garbage-collector run...
17-Jul-2014 12:43:47.127 119449448/217489408 NE_REMOTE%internal%Java heap memory garbage-collector run...
17-Jul-2014 12:44:18.742 118939936/217489408 NE_REMOTE%internal%Java heap memory garbage-collector run...
17-Jul-2014 12:44:50.360 118431088/217489408 NE_REMOTE%internal%Java heap memory garbage-collector run...
17-Jul-2014 12:45:21.999 116557232/217489408 NE_REMOTE%internal%Java heap memory garbage-collector run...
17-Jul-2014 12:45:53.660 119576256/217489408 NE_REMOTE%internal%Java heap memory garbage-collector run...
17-Jul-2014 12:46:25.280 119555136/217489408 NE_REMOTE%internal%Java heap memory garbage-collector run...
17-Jul-2014 12:46:56.907 119534016/217489408 NE_REMOTE%internal%Java heap memory garbage-collector run...
17-Jul-2014 12:47:28.540 119512896/217489408 NE_REMOTE%internal%Java heap memory garbage-collector run...
17-Jul-2014 12:48:00.196 119951096/217489408 NE_REMOTE%internal%Java heap memory garbage-collector run...
17-Jul-2014 12:48:31.803 119912848/217489408 NE_REMOTE%internal%Java heap memory garbage-collector run...
17-Jul-2014 12:49:03.404 119478616/217489408 NE_REMOTE%internal%Java heap memory garbage-collector run...
17-Jul-2014 12:49:35.022 118630112/217489408 NE_REMOTE%internal%Java heap memory garbage-collector run...
17-Jul-2014 12:50:06.650 119363224/217489408 NE_REMOTE%internal%Java heap memory garbage-collector run...
17-Jul-2014 12:50:38.269 116342416/217489408 NE_REMOTE%internal%Java heap memory garbage-collector run...
17-Jul-2014 12:51:09.886 118601200/221708288 NE_REMOTE%internal%Java heap memory garbage-collector run...
17-Jul-2014 12:51:41.490 119427472/223309824 NE_REMOTE%internal%Java heap memory garbage-collector run...
17-Jul-2014 12:52:13.113 125550816/223309824 NE_REMOTE%internal%Java heap memory garbage-collector run...
17-Jul-2014 12:52:44.751 123716920/223309824 NE_REMOTE%internal%Java heap memory garbage-collector run...
17-Jul-2014 12:53:16.382 121276208/223309824 NE_REMOTE%internal%Java heap memory garbage-collector run...
17-Jul-2014 12:53:48.018 119959024/223309824 NE_REMOTE%internal%Java heap memory garbage-collector run...
17-Jul-2014 12:54:19.709 124315008/223309824 NE_REMOTE%internal%Java heap memory garbage-collector run...
17-Jul-2014 12:54:51.359 122633736/223309824 NE_REMOTE%internal%Java heap memory garbage-collector run...
17-Jul-2014 12:55:23.121 123643664/231149568 NE_REMOTE%internal%Java heap memory garbage-collector run...
17-Jul-2014 12:55:54.741 124297664/232411136 NE_REMOTE%internal%Java heap memory garbage-collector run...
17-Jul-2014 12:56:26.392 131917544/232411136 NE_REMOTE%internal%Java heap memory garbage-collector run...
17-Jul-2014 12:56:58.008 126818216/232411136 NE_REMOTE%internal%Java heap memory garbage-collector run...
17-Jul-2014 12:57:29.628 126099720/232411136 NE_REMOTE%internal%Java heap memory garbage-collector run...
17-Jul-2014 12:58:01.248 124684720/232411136 NE_REMOTE%internal%Java heap memory garbage-collector run...
17-Jul-2014 12:58:32.882 132929480/232411136 NE_REMOTE%internal%Java heap memory garbage-collector run...
17-Jul-2014 12:59:04.536 131713792/232411136 NE_REMOTE%internal%Java heap memory garbage-collector run...
17-Jul-2014 12:59:36.201 126425600/232411136 NE_REMOTE%internal%Java heap memory garbage-collector run...
17-Jul-2014 13:00:07.842 125477624/234561536 NE_REMOTE%internal%Java heap memory garbage-collector run...
17-Jul-2014 13:00:39.476 134232568/234561536 NE_REMOTE%internal%Java heap memory garbage-collector run...
17-Jul-2014 13:01:11.103 133031184/234561536 NE_REMOTE%internal%Java heap memory garbage-collector run...
17-Jul-2014 13:01:42.724 129231288/234561536 NE_REMOTE%internal%Java heap memory garbage-collector run...
17-Jul-2014 13:02:14.359 126996904/234561536 NE_REMOTE%internal%Java heap memory garbage-collector run...
17-Jul-2014 13:02:46.043 134055512/234561536 NE_REMOTE%internal%Java heap memory garbage-collector run...
17-Jul-2014 13:03:17.668 132396224/234561536 NE_REMOTE%internal%Java heap memory garbage-collector run...
17-Jul-2014 13:03:49.310 131277616/234561536 NE_REMOTE%internal%Java heap memory garbage-collector run...
17-Jul-2014 13:04:20.965 130437024/234561536 NE_REMOTE%internal%Java heap memory garbage-collector run...
17-Jul-2014 13:04:52.613 134052408/234561536 NE_REMOTE%internal%Java heap memory garbage-collector run...
17-Jul-2014 13:05:24.239 133445160/234561536 NE_REMOTE%internal%Java heap memory garbage-collector run...
17-Jul-2014 13:05:55.863 132732104/234561536 NE_REMOTE%internal%Java heap memory garbage-collector run...
17-Jul-2014 13:06:27.480 131930504/234561536 NE_REMOTE%internal%Java heap memory garbage-collector run...
17-Jul-2014 13:06:59.104 133838168/234561536 NE_REMOTE%internal%Java heap memory garbage-collector run...
17-Jul-2014 13:07:30.726 133075040/234561536 NE_REMOTE%internal%Java heap memory garbage-collector run...
17-Jul-2014 13:08:02.362 132102880/234561536 NE_REMOTE%internal%Java heap memory garbage-collector run...
17-Jul-2014 13:08:33.988 130876776/234561536 NE_REMOTE%internal%Java heap memory garbage-collector run...
17-Jul-2014 13:09:05.616 138931632/234561536 NE_REMOTE%internal%Java heap memory garbage-collector run...
17-Jul-2014 13:09:37.277 133730960/234561536 NE_REMOTE%internal%Java heap memory garbage-collector run...
17-Jul-2014 13:10:08.925 125883192/234561536 NE_REMOTE%internal%Java heap memory garbage-collector run...
17-Jul-2014 13:10:40.547 125469736/234561536 NE_REMOTE%internal%Java heap memory garbage-collector run...
17-Jul-2014 13:11:12.193 133974688/234561536 NE_REMOTE%internal%Java heap memory garbage-collector run...
17-Jul-2014 13:11:43.820 132770688/234561536 NE_REMOTE%internal%Java heap memory garbage-collector run...
17-Jul-2014 13:12:15.450 131344392/234561536 NE_REMOTE%internal%Java heap memory garbage-collector run...
17-Jul-2014 13:12:47.085 129823664/234561536 NE_REMOTE%internal%Java heap memory garbage-collector run...
17-Jul-2014 13:13:18.713 134346616/234561536 NE_REMOTE%internal%Java heap memory garbage-collector run...
17-Jul-2014 13:13:50.341 132504528/234561536 NE_REMOTE%internal%Java heap memory garbage-collector run...
17-Jul-2014 13:14:21.974 131049568/234561536 NE_REMOTE%internal%Java heap memory garbage-collector run...
17-Jul-2014 13:14:53.611 129280952/234561536 NE_REMOTE%internal%Java heap memory garbage-collector run...
17-Jul-2014 13:15:25.251 133054464/234561536 NE_REMOTE%internal%Java heap memory garbage-collector run...
17-Jul-2014 13:15:56.892 127164624/237756416 NE_REMOTE%internal%Java heap memory garbage-collector run...
17-Jul-2014 13:16:28.527 127554048/237756416 NE_REMOTE%internal%Java heap memory garbage-collector run...
17-Jul-2014 13:17:00.162 127033480/237756416 NE_REMOTE%internal%Java heap memory garbage-collector run...
17-Jul-2014 13:17:31.833 135252416/237756416 NE_REMOTE%internal%Java heap memory garbage-collector run...
17-Jul-2014 13:18:03.454 130132944/237756416 NE_REMOTE%internal%Java heap memory garbage-collector run...
17-Jul-2014 13:18:35.067 127765344/238854144 NE_REMOTE%internal%Java heap memory garbage-collector run...
17-Jul-2014 13:19:06.699 129475920/238854144 NE_REMOTE%internal%Java heap memory garbage-collector run...
17-Jul-2014 13:19:38.345 136702320/238854144 NE_REMOTE%internal%Java heap memory garbage-collector run...
17-Jul-2014 13:20:09.970 130140536/238854144 NE_REMOTE%internal%Java heap memory garbage-collector run...
17-Jul-2014 13:20:41.587 127936176/238854144 NE_REMOTE%internal%Java heap memory garbage-collector run...
17-Jul-2014 13:21:13.208 127904232/239149056 NE_REMOTE%internal%Java heap memory garbage-collector run...
17-Jul-2014 13:21:44.877 136836736/239149056 NE_REMOTE%internal%Java heap memory garbage-collector run...
17-Jul-2014 13:22:16.524 129058248/239149056 NE_REMOTE%internal%Java heap memory garbage-collector run...
17-Jul-2014 13:22:48.168 128785032/240963584 NE_REMOTE%internal%Java heap memory garbage-collector run...
17-Jul-2014 13:23:19.803 129643408/240963584 NE_REMOTE%internal%Java heap memory garbage-collector run...
17-Jul-2014 13:23:51.443 138140448/240963584 NE_REMOTE%internal%Java heap memory garbage-collector run...
17-Jul-2014 13:24:23.063 138122584/240963584 NE_REMOTE%internal%Java heap memory garbage-collector run...
17-Jul-2014 13:24:54.665 138100592/240963584 NE_REMOTE%internal%Java heap memory garbage-collector run...
17-Jul-2014 13:25:26.293 138078552/240963584 NE_REMOTE%internal%Java heap memory garbage-collector run...
17-Jul-2014 13:25:57.929 138255040/240963584 NE_REMOTE%internal%Java heap memory garbage-collector run...
17-Jul-2014 13:26:29.547 138233080/240963584 NE_REMOTE%internal%Java heap memory garbage-collector run...
17-Jul-2014 13:27:01.166 138211120/240963584 NE_REMOTE%internal%Java heap memory garbage-collector run...
17-Jul-2014 13:27:32.789 138189160/240963584 NE_REMOTE%internal%Java heap memory garbage-collector run...
17-Jul-2014 13:28:04.424 138267920/240963584 NE_REMOTE%internal%Java heap memory garbage-collector run...
17-Jul-2014 13:28:36.055 138248472/240963584 NE_REMOTE%internal%Java heap memory garbage-collector run...
17-Jul-2014 13:29:07.699 138224000/240963584 NE_REMOTE%internal%Java heap memory garbage-collector run...
17-Jul-2014 13:29:39.333 138202456/240963584 NE_REMOTE%internal%Java heap memory garbage-collector run...
17-Jul-2014 13:30:10.961 139851296/240963584 NE_REMOTE%internal%Java heap memory garbage-collector run...
17-Jul-2014 13:30:42.594 139820432/240963584 NE_REMOTE%internal%Java heap memory garbage-collector run...
17-Jul-2014 13:31:14.228 139748520/240963584 NE_REMOTE%internal%Java heap memory garbage-collector run...
17-Jul-2014 13:31:45.845 139785040/240963584 NE_REMOTE%internal%Java heap memory garbage-collector run...
17-Jul-2014 13:32:17.477 147353288/240963584 NE_REMOTE%internal%Java heap memory garbage-collector run...
17-Jul-2014 13:32:49.101 147331328/240963584 NE_REMOTE%internal%Java heap memory garbage-collector run...
17-Jul-2014 13:33:20.716 147309368/240963584 NE_REMOTE%internal%Java heap memory garbage-collector run...
17-Jul-2014 13:33:52.345 147287408/240963584 NE_REMOTE%internal%Java heap memory garbage-collector run...
17-Jul-2014 13:34:23.972 147353288/240963584 NE_REMOTE%internal%Java heap memory garbage-collector run...
17-Jul-2014 13:34:55.585 147331328/240963584 NE_REMOTE%internal%Java heap memory garbage-collector run...
17-Jul-2014 13:35:27.222 147245808/240963584 NE_REMOTE%internal%Java heap memory garbage-collector run...
17-Jul-2014 13:35:58.863 147287328/240963584 NE_REMOTE%internal%Java heap memory garbage-collector run...
17-Jul-2014 13:36:30.479 147353288/240963584 NE_REMOTE%internal%Java heap memory garbage-collector run...
17-Jul-2014 13:37:02.096 147331328/240963584 NE_REMOTE%internal%Java heap memory garbage-collector run...
17-Jul-2014 13:37:33.697 147309368/240963584 NE_REMOTE%internal%Java heap memory garbage-collector run...
17-Jul-2014 13:38:05.293 147287376/240963584 NE_REMOTE%internal%Java heap memory garbage-collector run...
17-Jul-2014 13:38:36.912 147353288/240963584 NE_REMOTE%internal%Java heap memory garbage-collector run...
17-Jul-2014 13:39:08.537 147248648/240963584 NE_REMOTE%internal%Java heap memory garbage-collector run...
17-Jul-2014 13:39:40.153 147227528/240963584 NE_REMOTE%internal%Java heap memory garbage-collector run...
17-Jul-2014 13:40:11.772 147206360/240963584 NE_REMOTE%internal%Java heap memory garbage-collector run...
17-Jul-2014 13:40:43.414 147286064/240963584 NE_REMOTE%internal%Java heap memory garbage-collector run...
17-Jul-2014 13:41:15.045 147264944/240963584 NE_REMOTE%internal%Java heap memory garbage-collector run...
17-Jul-2014 13:41:46.694 147243824/240963584 NE_REMOTE%internal%Java heap memory garbage-collector run...
17-Jul-2014 13:42:18.323 147220640/240963584 NE_REMOTE%internal%Java heap memory garbage-collector run...
17-Jul-2014 13:42:49.948 147286064/240963584 NE_REMOTE%internal%Java heap memory garbage-collector run...
17-Jul-2014 13:43:21.569 147264944/240963584 NE_REMOTE%internal%Java heap memory garbage-collector run...
17-Jul-2014 13:43:53.179 147243824/240963584 NE_REMOTE%internal%Java heap memory garbage-collector run...
17-Jul-2014 13:44:24.797 147222384/240963584 NE_REMOTE%internal%Java heap memory garbage-collector run...
17-Jul-2014 13:44:56.423 147283656/240963584 NE_REMOTE%internal%Java heap memory garbage-collector run...
17-Jul-2014 13:45:28.056 147264576/240963584 NE_REMOTE%internal%Java heap memory garbage-collector run...
17-Jul-2014 13:45:59.675 147243456/240963584 NE_REMOTE%internal%Java heap memory garbage-collector run...
17-Jul-2014 13:46:31.300 147210952/240963584 NE_REMOTE%internal%Java heap memory garbage-collector run...
17-Jul-2014 13:47:02.929 147358456/240963584 NE_REMOTE%internal%Java heap memory garbage-collector run...
17-Jul-2014 13:47:34.554 147337336/240963584 NE_REMOTE%internal%Java heap memory garbage-collector run...
17-Jul-2014 13:48:06.183 147252704/240963584 NE_REMOTE%internal%Java heap memory garbage-collector run...
17-Jul-2014 13:48:37.830 147295096/240963584 NE_REMOTE%internal%Java heap memory garbage-collector run...
17-Jul-2014 13:49:09.460 147358456/240963584 NE_REMOTE%internal%Java heap memory garbage-collector run...
17-Jul-2014 13:49:41.098 147337336/240963584 NE_REMOTE%internal%Java heap memory garbage-collector run...
17-Jul-2014 13:50:12.729 147316168/240963584 NE_REMOTE%internal%Java heap memory garbage-collector run...
17-Jul-2014 13:50:44.349 147295048/240963584 NE_REMOTE%internal%Java heap memory garbage-collector run...
17-Jul-2014 13:51:15.965 147358456/240963584 NE_REMOTE%internal%Java heap memory garbage-collector run...
17-Jul-2014 13:51:47.591 147337336/240963584 NE_REMOTE%internal%Java heap memory garbage-collector run...
17-Jul-2014 13:52:19.208 147316216/240963584 NE_REMOTE%internal%Java heap memory garbage-collector run...
17-Jul-2014 13:52:50.836 147295096/240963584 NE_REMOTE%internal%Java heap memory garbage-collector run...
17-Jul-2014 13:53:22.461 147358456/240963584 NE_REMOTE%internal%Java heap memory garbage-collector run...
17-Jul-2014 13:53:54.084 147337336/240963584 NE_REMOTE%internal%Java heap memory garbage-collector run...
17-Jul-2014 13:54:25.735 147316216/240963584 NE_REMOTE%internal%Java heap memory garbage-collector run...
17-Jul-2014 13:54:57.374 147293032/240963584 NE_REMOTE%internal%Java heap memory garbage-collector run...
17-Jul-2014 13:55:28.987 147358696/240963584 NE_REMOTE%internal%Java heap memory garbage-collector run...
17-Jul-2014 13:56:00.615 147337576/240963584 NE_REMOTE%internal%Java heap memory garbage-collector run...
17-Jul-2014 13:56:32.241 147316456/240963584 NE_REMOTE%internal%Java heap memory garbage-collector run...
17-Jul-2014 13:57:03.869 147295336/240963584 NE_REMOTE%internal%Java heap memory garbage-collector run...
17-Jul-2014 13:57:35.505 147358696/240963584 NE_REMOTE%internal%Java heap memory garbage-collector run...
17-Jul-2014 13:58:07.126 147337576/240963584 NE_REMOTE%internal%Java heap memory garbage-collector run...
17-Jul-2014 13:58:38.753 147316456/240963584 NE_REMOTE%internal%Java heap memory garbage-collector run...
17-Jul-2014 13:59:10.385 147295336/240963584 NE_REMOTE%internal%Java heap memory garbage-collector run...
17-Jul-2014 13:59:42.010 147358696/240963584 NE_REMOTE%internal%Java heap memory garbage-collector run...
17-Jul-2014 14:00:13.650 147337528/240963584 NE_REMOTE%internal%Java heap memory garbage-collector run...
17-Jul-2014 14:00:45.290 147281552/240963584 NE_REMOTE%internal%Java heap memory garbage-collector run...
17-Jul-2014 14:01:16.924 147295288/240963584 NE_REMOTE%internal%Java heap memory garbage-collector run...
17-Jul-2014 14:01:48.553 147358696/240963584 NE_REMOTE%internal%Java heap memory garbage-collector run...
17-Jul-2014 14:02:20.180 147337576/240963584 NE_REMOTE%internal%Java heap memory garbage-collector run...
17-Jul-2014 14:02:51.812 147316456/240963584 NE_REMOTE%internal%Java heap memory garbage-collector run...
17-Jul-2014 14:03:23.437 147295336/240963584 NE_REMOTE%internal%Java heap memory garbage-collector run...
17-Jul-2014 14:03:55.060 147358696/240963584 NE_REMOTE%internal%Java heap memory garbage-collector run...
17-Jul-2014 14:04:26.691 147335488/240963584 NE_REMOTE%internal%Java heap memory garbage-collector run...
17-Jul-2014 14:04:58.332 147316456/240963584 NE_REMOTE%internal%Java heap memory garbage-collector run...
17-Jul-2014 14:05:29.947 147295288/240963584 NE_REMOTE%internal%Java heap memory garbage-collector run...
17-Jul-2014 14:06:01.569 147358696/240963584 NE_REMOTE%internal%Java heap memory garbage-collector run...
17-Jul-2014 14:06:33.188 147243336/240963584 NE_REMOTE%internal%Java heap memory garbage-collector run...
17-Jul-2014 14:07:04.825 147316456/240963584 NE_REMOTE%internal%Java heap memory garbage-collector run...
17-Jul-2014 14:07:36.466 147295336/240963584 NE_REMOTE%internal%Java heap memory garbage-collector run...
17-Jul-2014 14:08:08.117 147358696/240963584 NE_REMOTE%internal%Java heap memory garbage-collector run...
17-Jul-2014 14:08:39.744 147337576/240963584 NE_REMOTE%internal%Java heap memory garbage-collector run...
17-Jul-2014 14:09:11.371 147316456/240963584 NE_REMOTE%internal%Java heap memory garbage-collector run...
17-Jul-2014 14:09:43.000 147295336/240963584 NE_REMOTE%internal%Java heap memory garbage-collector run...
17-Jul-2014 14:10:14.616 147358696/240963584 NE_REMOTE%internal%Java heap memory garbage-collector run...
17-Jul-2014 14:10:46.237 147337576/240963584 NE_REMOTE%internal%Java heap memory garbage-collector run...
17-Jul-2014 14:11:17.863 147316456/240963584 NE_REMOTE%internal%Java heap memory garbage-collector run...
17-Jul-2014 14:11:49.497 147295336/240963584 NE_REMOTE%internal%Java heap memory garbage-collector run...
17-Jul-2014 14:12:21.127 147264456/240963584 NE_REMOTE%internal%Java heap memory garbage-collector run...
17-Jul-2014 14:12:52.755 147337576/240963584 NE_REMOTE%internal%Java heap memory garbage-collector run...
17-Jul-2014 14:13:24.386 147314392/240963584 NE_REMOTE%internal%Java heap memory garbage-collector run...
17-Jul-2014 14:13:56.042 147295336/240963584 NE_REMOTE%internal%Java heap memory garbage-collector run...
17-Jul-2014 14:14:27.677 147358696/240963584 NE_REMOTE%internal%Java heap memory garbage-collector run...
17-Jul-2014 14:14:59.289 147337576/240963584 NE_REMOTE%internal%Java heap memory garbage-collector run...
17-Jul-2014 14:15:30.927 147316408/240963584 NE_REMOTE%internal%Java heap memory garbage-collector run...
17-Jul-2014 14:16:02.557 147295288/240963584 NE_REMOTE%internal%Java heap memory garbage-collector run...
17-Jul-2014 14:16:34.195 147358696/240963584 NE_REMOTE%internal%Java heap memory garbage-collector run...
17-Jul-2014 14:17:05.823 147337576/240963584 NE_REMOTE%internal%Java heap memory garbage-collector run...
17-Jul-2014 14:17:37.442 147316456/240963584 NE_REMOTE%internal%Java heap memory garbage-collector run...
17-Jul-2014 14:18:09.075 147295336/240963584 NE_REMOTE%internal%Java heap memory garbage-collector run...
17-Jul-2014 14:18:40.710 147358696/240963584 NE_REMOTE%internal%Java heap memory garbage-collector run...
17-Jul-2014 14:19:12.332 147335512/240963584 NE_REMOTE%internal%Java heap memory garbage-collector run...
17-Jul-2014 14:19:43.965 147316456/240963584 NE_REMOTE%internal%Java heap memory garbage-collector run...
17-Jul-2014 14:20:15.608 147295288/240963584 NE_REMOTE%internal%Java heap memory garbage-collector run...
17-Jul-2014 14:20:47.236 147358696/240963584 NE_REMOTE%internal%Java heap memory garbage-collector run...
17-Jul-2014 14:21:18.877 147337576/240963584 NE_REMOTE%internal%Java heap memory garbage-collector run...
17-Jul-2014 14:21:50.510 147316456/240963584 NE_REMOTE%internal%Java heap memory garbage-collector run...
17-Jul-2014 14:22:22.132 147295336/240963584 NE_REMOTE%internal%Java heap memory garbage-collector run...
17-Jul-2014 14:22:53.751 147358696/240963584 NE_REMOTE%internal%Java heap memory garbage-collector run...
17-Jul-2014 14:23:25.370 147337576/240963584 NE_REMOTE%internal%Java heap memory garbage-collector run...
17-Jul-2014 14:23:56.990 147316456/240963584 NE_REMOTE%internal%Java heap memory garbage-collector run...
17-Jul-2014 14:24:28.613 147295336/240963584 NE_REMOTE%internal%Java heap memory garbage-collector run...
17-Jul-2014 14:25:00.239 147293120/240963584 NE_REMOTE%internal%Java heap memory garbage-collector run...
17-Jul-2014 14:25:31.864 147337576/240963584 NE_REMOTE%internal%Java heap memory garbage-collector run...
17-Jul-2014 14:26:03.491 147316456/240963584 NE_REMOTE%internal%Java heap memory garbage-collector run...
17-Jul-2014 14:26:35.139 147295336/240963584 NE_REMOTE%internal%Java heap memory garbage-collector run...
17-Jul-2014 14:27:06.783 147356608/240963584 NE_REMOTE%internal%Java heap memory garbage-collector run...
17-Jul-2014 14:27:38.408 147337512/240963584 NE_REMOTE%internal%Java heap memory garbage-collector run...
17-Jul-2014 14:28:10.036 147316392/240963584 NE_REMOTE%internal%Java heap memory garbage-collector run...
17-Jul-2014 14:28:41.662 147295272/240963584 NE_REMOTE%internal%Java heap memory garbage-collector run...
17-Jul-2014 14:29:13.294 147358632/240963584 NE_REMOTE%internal%Java heap memory garbage-collector run...
17-Jul-2014 14:29:44.920 147337512/240963584 NE_REMOTE%internal%Java heap memory garbage-collector run...
17-Jul-2014 14:30:16.542 147316344/240963584 NE_REMOTE%internal%Java heap memory garbage-collector run...
17-Jul-2014 14:30:48.159 147200984/240963584 NE_REMOTE%internal%Java heap memory garbage-collector run...
17-Jul-2014 14:31:19.785 147358632/240963584 NE_REMOTE%internal%Java heap memory garbage-collector run...
17-Jul-2014 14:31:51.414 147335448/240963584 NE_REMOTE%internal%Java heap memory garbage-collector run...
17-Jul-2014 14:32:23.042 147316392/240963584 NE_REMOTE%internal%Java heap memory garbage-collector run...
17-Jul-2014 14:32:54.683 147295272/240963584 NE_REMOTE%internal%Java heap memory garbage-collector run...
17-Jul-2014 14:33:26.319 147358632/240963584 NE_REMOTE%internal%Java heap memory garbage-collector run...
17-Jul-2014 14:33:57.933 147337512/240963584 NE_REMOTE%internal%Java heap memory garbage-collector run...
17-Jul-2014 14:34:29.561 147316392/240963584 NE_REMOTE%internal%Java heap memory garbage-collector run...
17-Jul-2014 14:35:01.216 147295224/240963584 NE_REMOTE%internal%Java heap memory garbage-collector run...
17-Jul-2014 14:35:32.842 147358632/240963584 NE_REMOTE%internal%Java heap memory garbage-collector run...
17-Jul-2014 14:36:04.475 147337512/240963584 NE_REMOTE%internal%Java heap memory garbage-collector run...
17-Jul-2014 14:36:36.096 147252880/240963584 NE_REMOTE%internal%Java heap memory garbage-collector run...
17-Jul-2014 14:37:07.716 147295272/240963584 NE_REMOTE%internal%Java heap memory garbage-collector run...
17-Jul-2014 14:37:39.334 147356568/240963584 NE_REMOTE%internal%Java heap memory garbage-collector run...
17-Jul-2014 14:38:10.960 147337512/240963584 NE_REMOTE%internal%Java heap memory garbage-collector run...
17-Jul-2014 14:38:42.580 147316392/240963584 NE_REMOTE%internal%Java heap memory garbage-collector run...
17-Jul-2014 14:39:14.209 147295272/240963584 NE_REMOTE%internal%Java heap memory garbage-collector run...
17-Jul-2014 14:39:45.845 147358632/240963584 NE_REMOTE%internal%Java heap memory garbage-collector run...
17-Jul-2014 14:40:17.495 147337464/240963584 NE_REMOTE%internal%Java heap memory garbage-collector run...
17-Jul-2014 14:40:49.114 147316344/240963584 NE_REMOTE%internal%Java heap memory garbage-collector run...
17-Jul-2014 14:41:20.749 147295224/240963584 NE_REMOTE%internal%Java heap memory garbage-collector run...
17-Jul-2014 14:41:52.371 147358632/240963584 NE_REMOTE%internal%Java heap memory garbage-collector run...
17-Jul-2014 14:42:23.999 147337512/240963584 NE_REMOTE%internal%Java heap memory garbage-collector run...
17-Jul-2014 14:42:55.628 147316392/240963584 NE_REMOTE%internal%Java heap memory garbage-collector run...
17-Jul-2014 14:43:27.256 147229696/240963584 NE_REMOTE%internal%Java heap memory garbage-collector run...
17-Jul-2014 14:43:58.882 147358632/240963584 NE_REMOTE%internal%Java heap memory garbage-collector run...
17-Jul-2014 14:44:30.520 147337512/240963584 NE_REMOTE%internal%Java heap memory garbage-collector run...
17-Jul-2014 14:45:02.152 147316344/240963584 NE_REMOTE%internal%Java heap memory garbage-collector run...
17-Jul-2014 14:45:33.781 147295224/240963584 NE_REMOTE%internal%Java heap memory garbage-collector run...
17-Jul-2014 14:46:05.440 147358632/240963584 NE_REMOTE%internal%Java heap memory garbage-collector run...
17-Jul-2014 14:46:37.074 147337512/240963584 NE_REMOTE%internal%Java heap memory garbage-collector run...
17-Jul-2014 14:47:08.705 147316392/240963584 NE_REMOTE%internal%Java heap memory garbage-collector run...
17-Jul-2014 14:47:40.335 147295272/240963584 NE_REMOTE%internal%Java heap memory garbage-collector run...
17-Jul-2014 14:48:11.956 147358632/240963584 NE_REMOTE%internal%Java heap memory garbage-collector run...
17-Jul-2014 14:48:43.581 147337512/240963584 NE_REMOTE%internal%Java heap memory garbage-collector run...
17-Jul-2014 14:49:15.212 147252880/240963584 NE_REMOTE%internal%Java heap memory garbage-collector run...
17-Jul-2014 14:49:46.844 147295272/240963584 NE_REMOTE%internal%Java heap memory garbage-collector run...
17-Jul-2014 14:50:18.471 147358632/240963584 NE_REMOTE%internal%Java heap memory garbage-collector run...
17-Jul-2014 14:50:50.093 147337512/240963584 NE_REMOTE%internal%Java heap memory garbage-collector run...
17-Jul-2014 14:51:21.731 147316392/240963584 NE_REMOTE%internal%Java heap memory garbage-collector run...
17-Jul-2014 14:51:53.382 147295272/240963584 NE_REMOTE%internal%Java heap memory garbage-collector run...
17-Jul-2014 14:52:25.027 147358632/240963584 NE_REMOTE%internal%Java heap memory garbage-collector run...
17-Jul-2014 14:52:56.651 147337512/240963584 NE_REMOTE%internal%Java heap memory garbage-collector run...
17-Jul-2014 14:53:28.291 147316392/240963584 NE_REMOTE%internal%Java heap memory garbage-collector run...
17-Jul-2014 14:53:59.912 147295272/240963584 NE_REMOTE%internal%Java heap memory garbage-collector run...
17-Jul-2014 14:54:31.539 147358632/240963584 NE_REMOTE%internal%Java heap memory garbage-collector run...
17-Jul-2014 14:55:03.169 147243224/240963584 NE_REMOTE%internal%Java heap memory garbage-collector run...
17-Jul-2014 14:55:34.794 147316344/240963584 NE_REMOTE%internal%Java heap memory garbage-collector run...
17-Jul-2014 14:56:06.410 147293160/240963584 NE_REMOTE%internal%Java heap memory garbage-collector run...
17-Jul-2014 14:56:38.036 147358632/240963584 NE_REMOTE%internal%Java heap memory garbage-collector run...
17-Jul-2014 14:57:09.669 147336200/240963584 NE_REMOTE%internal%Java heap memory garbage-collector run...
17-Jul-2014 14:57:41.292 147315080/240963584 NE_REMOTE%internal%Java heap memory garbage-collector run...
17-Jul-2014 14:58:12.920 147293960/240963584 NE_REMOTE%internal%Java heap memory garbage-collector run...
17-Jul-2014 14:58:44.560 147356840/240963584 NE_REMOTE%internal%Java heap memory garbage-collector run...
17-Jul-2014 14:59:16.205 147335720/240963584 NE_REMOTE%internal%Java heap memory garbage-collector run...
17-Jul-2014 14:59:47.846 147314600/240963584 NE_REMOTE%internal%Java heap memory garbage-collector run...
17-Jul-2014 15:00:19.484 147293432/240963584 NE_REMOTE%internal%Java heap memory garbage-collector run...
17-Jul-2014 15:00:51.118 147293328/240963584 NE_REMOTE%internal%Java heap memory garbage-collector run...
17-Jul-2014 15:01:22.758 147335720/240963584 NE_REMOTE%internal%Java heap memory garbage-collector run...
17-Jul-2014 15:01:54.396 147312536/240963584 NE_REMOTE%internal%Java heap memory garbage-collector run...
17-Jul-2014 15:02:26.029 147293480/240963584 NE_REMOTE%internal%Java heap memory garbage-collector run...
17-Jul-2014 15:02:57.657 147356840/240963584 NE_REMOTE%internal%Java heap memory garbage-collector run...
17-Jul-2014 15:03:29.282 147335720/240963584 NE_REMOTE%internal%Java heap memory garbage-collector run...
17-Jul-2014 15:04:00.903 147314568/240963584 NE_REMOTE%internal%Java heap memory garbage-collector run...
17-Jul-2014 15:04:32.539 147293448/240963584 NE_REMOTE%internal%Java heap memory garbage-collector run...
17-Jul-2014 15:05:04.156 147356840/240963584 NE_REMOTE%internal%Java heap memory garbage-collector run...
17-Jul-2014 15:05:35.792 147335720/240963584 NE_REMOTE%internal%Java heap memory garbage-collector run...
17-Jul-2014 15:06:07.418 147314600/240963584 NE_REMOTE%internal%Java heap memory garbage-collector run...
17-Jul-2014 15:06:39.040 138506616/240963584 NE_REMOTE%internal%Java heap memory garbage-collector run...
17-Jul-2014 15:07:10.674 138871632/240963584 NE_REMOTE%internal%Java heap memory garbage-collector run...
17-Jul-2014 15:07:49.786 132206264/240963584 NE_REMOTE%internal%Java heap memory garbage-collector run...
17-Jul-2014 15:08:21.417 130855512/240963584 NE_REMOTE%internal%Java heap memory garbage-collector run...
17-Jul-2014 15:08:53.069 130429536/240963584 NE_REMOTE%internal%Java heap memory garbage-collector run...
17-Jul-2014 15:09:24.749 137035656/240963584 NE_REMOTE%internal%Java heap memory garbage-collector run...
17-Jul-2014 15:09:56.375 136170808/240963584 NE_REMOTE%internal%Java heap memory garbage-collector run...
17-Jul-2014 15:10:28.011 134869360/240963584 NE_REMOTE%internal%Java heap memory garbage-collector run...
17-Jul-2014 15:10:59.636 133425216/240963584 NE_REMOTE%internal%Java heap memory garbage-collector run...
17-Jul-2014 15:11:31.269 136924248/240963584 NE_REMOTE%internal%Java heap memory garbage-collector run...
17-Jul-2014 15:12:02.907 131755952/240963584 NE_REMOTE%internal%Java heap memory garbage-collector run...
17-Jul-2014 15:12:34.554 128787040/240963584 NE_REMOTE%internal%Java heap memory garbage-collector run...
17-Jul-2014 15:13:06.566 131882896/246579200 NE_REMOTE%internal%Java heap memory garbage-collector run...
17-Jul-2014 15:13:38.250 140972464/246579200 NE_REMOTE%internal%Java heap memory garbage-collector run...
17-Jul-2014 15:14:09.879 139028872/246579200 NE_REMOTE%internal%Java heap memory garbage-collector run...
17-Jul-2014 15:14:41.486 131820256/246579200 NE_REMOTE%internal%Java heap memory garbage-collector run...
17-Jul-2014 15:15:13.171 133120888/246579200 NE_REMOTE%internal%Java heap memory garbage-collector run...
18-Jul-2014 17:14:14.760 021823248/247005184 NE_REMOTE%internal%Starting remote...
18-Jul-2014 17:14:40.593 020600160/249364480 NE_REMOTE%internal%Starting remote...
18-Jul-2014 17:15:12.525 134221832/257949696 NE_REMOTE%internal%Java heap memory garbage-collector run...
18-Jul-2014 17:15:44.212 131868624/256442368 NE_REMOTE%internal%Java heap memory garbage-collector run...
18-Jul-2014 17:16:15.752 129612960/254476288 NE_REMOTE%internal%Java heap memory garbage-collector run...
18-Jul-2014 17:16:47.278 129139944/253362176 NE_REMOTE%internal%Java heap memory garbage-collector run...
18-Jul-2014 17:17:18.790 129264104/253231104 NE_REMOTE%internal%Java heap memory garbage-collector run...
18-Jul-2014 17:17:50.352 125764600/251002880 NE_REMOTE%internal%Java heap memory garbage-collector run...
18-Jul-2014 17:18:21.911 124475984/250019840 NE_REMOTE%internal%Java heap memory garbage-collector run...
18-Jul-2014 17:18:53.443 124897024/249692160 NE_REMOTE%internal%Java heap memory garbage-collector run...
18-Jul-2014 17:19:24.985 123666712/249102336 NE_REMOTE%internal%Java heap memory garbage-collector run...
18-Jul-2014 17:19:56.551 134135304/258408448 NE_REMOTE%internal%Java heap memory garbage-collector run...
18-Jul-2014 17:20:59.065 113164760/259915776 NE_REMOTE%internal%Starting remote...
18-Jul-2014 17:24:45.850 086053056/258473984 NE_REMOTE%internal%Starting remote...
18-Jul-2014 17:26:14.508 099834896/273940480 NE_REMOTE%internal%Starting remote...
18-Jul-2014 17:27:45.878 097012056/273678336 NE_REMOTE%internal%Starting remote...
18-Jul-2014 17:28:19.085 133918104/264962048 NE_REMOTE%internal%Java heap memory garbage-collector run...
18-Jul-2014 17:28:51.646 136701720/265617408 NE_REMOTE%internal%Java heap memory garbage-collector run...
18-Jul-2014 17:29:23.893 136299376/262995968 NE_REMOTE%internal%Java heap memory garbage-collector run...
18-Jul-2014 17:29:56.366 132429768/259129344 NE_REMOTE%internal%Java heap memory garbage-collector run...
18-Jul-2014 17:30:28.814 130035456/256507904 NE_REMOTE%internal%Java heap memory garbage-collector run...
24-Jul-2014 15:50:49.245 128605336/303759360 NE_REMOTE%internal%Starting remote...
24-Jul-2014 15:50:55.061 125327312/303759360 BADSESSION:40187032%NeuroElf%jw2661%c7024f%traslice
24-Jul-2014 15:50:55.073 125327312/303759360 BADSESSION:223423%NeuroElf%jw2661%c7024f%corslice
24-Jul-2014 15:50:55.082 125327312/303759360 BADSESSION:13235973%NeuroElf%jw2661%c7024f%sagslice
24-Jul-2014 15:50:55.121 124182160/303759360 BADSESSION:75972849%NeuroElf%jw2661%c7024f%dir%/
24-Jul-2014 15:50:55.131 124182128/303759360 BADSESSION:64498705%NeuroElf%jw2661%c7024f%uistate
24-Jul-2014 15:51:21.271 189356536/295108608 NE_REMOTE%internal%Java heap memory garbage-collector run...
24-Jul-2014 15:51:52.876 197355664/302448640 NE_REMOTE%internal%Java heap memory garbage-collector run...
24-Jul-2014 15:52:02.578 196170064/302448640 73804495%auth%NeuroElf%jw2661%ok2a2ad0
24-Jul-2014 15:52:02.824 192603720/302448640 35405119%NeuroElf%jw2661%2a2ad0%corslice
24-Jul-2014 15:52:02.956 190550872/302448640 26035915%NeuroElf%jw2661%2a2ad0%traslice
24-Jul-2014 15:52:02.973 190550872/302448640 73307180%NeuroElf%jw2661%2a2ad0%sagslice
24-Jul-2014 15:52:03.066 188600528/302448640 42093603%NeuroElf%jw2661%2a2ad0%dir%/
24-Jul-2014 15:52:03.109 188463568/302448640 1288790%NeuroElf%jw2661%2a2ad0%uistate
24-Jul-2014 15:52:07.199 184507784/302448640 29646219%NeuroElf%jw2661%2a2ad0%dir%//Data/
24-Jul-2014 15:52:13.276 181803824/302448640 74451560%NeuroElf%jw2661%2a2ad0%dir%/Data/Hedy/
24-Jul-2014 15:52:16.584 179338960/302448640 13078426%NeuroElf%jw2661%2a2ad0%openfile%/Data/Hedy/scalped_avg152T1_graymatter_smoothed.hdr
24-Jul-2014 15:52:16.930 167315728/302448640 47178441%NeuroElf%jw2661%2a2ad0%corslice
24-Jul-2014 15:52:16.941 167308456/302448640 32626531%NeuroElf%jw2661%2a2ad0%sagslice
24-Jul-2014 15:52:16.951 167161656/302448640 32100669%NeuroElf%jw2661%2a2ad0%uistate
24-Jul-2014 15:52:17.008 167161656/302448640 20020128%NeuroElf%jw2661%2a2ad0%traslice
24-Jul-2014 15:52:17.021 167161624/302448640 43167450%NeuroElf%jw2661%2a2ad0%tcplot
24-Jul-2014 15:52:22.118 163088248/302448640 89919992%NeuroElf%jw2661%2a2ad0%dir%/Data/Hedy/CBT/
24-Jul-2014 15:52:23.341 160899632/302448640 38576079%NeuroElf%jw2661%2a2ad0%dir%/Data/Hedy/CBT/cbt-cocaine-roc/
24-Jul-2014 15:52:25.291 199059584/303955968 NE_REMOTE%internal%Java heap memory garbage-collector run...
24-Jul-2014 15:52:25.363 198227104/303955968 79690181%NeuroElf%jw2661%2a2ad0%dir%/Data/Hedy/CBT/cbt-cocaine-roc/../
24-Jul-2014 15:52:26.427 196666480/303955968 33269723%NeuroElf%jw2661%2a2ad0%dir%/Data/Hedy/CBT/cbt-cocaine-roc/
24-Jul-2014 15:52:27.489 193105520/303955968 5615273%NeuroElf%jw2661%2a2ad0%openfile%/Data/Hedy/CBT/cbt-cocaine-roc/roc-coc-cbt_ratings_collapsed_motion_modeled.vmp
24-Jul-2014 15:52:28.163 179769344/303955968 15426872%NeuroElf%jw2661%2a2ad0%uistate
24-Jul-2014 15:52:28.219 179755784/303955968 82040392%NeuroElf%jw2661%2a2ad0%traslice
24-Jul-2014 15:52:28.230 179755784/303955968 69111655%NeuroElf%jw2661%2a2ad0%tcplot
24-Jul-2014 15:52:28.240 179755784/303955968 91986167%NeuroElf%jw2661%2a2ad0%sagslice
24-Jul-2014 15:52:28.251 179755752/303955968 13952930%NeuroElf%jw2661%2a2ad0%corslice
24-Jul-2014 15:52:30.187 175370808/303955968 58876382%NeuroElf%jw2661%2a2ad0%dir%/Data/Hedy/CBT/cbt-cocaine-roc/../
24-Jul-2014 15:52:30.829 173430208/303955968 27668036%NeuroElf%jw2661%2a2ad0%dir%/Data/Hedy/CBT/../
24-Jul-2014 15:52:32.373 171330792/303955968 19822618%NeuroElf%jw2661%2a2ad0%dir%/Data/Hedy/../
24-Jul-2014 15:52:39.889 168603376/303955968 26092625%NeuroElf%jw2661%2a2ad0%dir%/Data/Kateri/
24-Jul-2014 15:52:42.740 165385352/303955968 65251442%NeuroElf%jw2661%2a2ad0%dir%/Data/Kateri/regtask_analysis/
24-Jul-2014 15:52:45.115 163175808/303955968 91689969%NeuroElf%jw2661%2a2ad0%dir%/Data/Kateri/regtask_analysis/../
24-Jul-2014 15:52:45.808 161235216/303955968 47226833%NeuroElf%jw2661%2a2ad0%dir%/Data/Kateri/s201/
24-Jul-2014 15:52:46.762 159209056/303955968 77511462%NeuroElf%jw2661%2a2ad0%dir%/Data/Kateri/s201/../
24-Jul-2014 15:52:47.825 156104040/303955968 46786122%NeuroElf%jw2661%2a2ad0%dir%/Data/Kateri/../
24-Jul-2014 15:52:53.408 153569136/303955968 62530732%NeuroElf%jw2661%2a2ad0%dir%/Data/Noam/
24-Jul-2014 15:52:55.154 151508664/303955968 88112224%NeuroElf%jw2661%2a2ad0%dir%/Data/Noam/SNA 13 LEAD faces 12-19-12/
24-Jul-2014 15:52:56.155 148442360/303955968 54505692%NeuroElf%jw2661%2a2ad0%dir%/Data/Noam/SNA 13 LEAD faces 12-19-12/../
24-Jul-2014 15:52:56.642 146479456/303955968 90575243%NeuroElf%jw2661%2a2ad0%dir%/Data/Noam/../
24-Jul-2014 15:52:57.795 200981568/305725440 NE_REMOTE%internal%Java heap memory garbage-collector run...
24-Jul-2014 15:53:01.129 199786240/305725440 42028034%NeuroElf%jw2661%2a2ad0%dir%/Data/UF/
24-Jul-2014 15:53:02.510 196924088/305725440 44699698%NeuroElf%jw2661%2a2ad0%dir%/Data/UF/Andrew/
24-Jul-2014 15:53:03.456 194899744/305725440 46202812%NeuroElf%jw2661%2a2ad0%dir%/Data/UF/Andrew/../
24-Jul-2014 15:53:03.833 192967088/305725440 94495650%NeuroElf%jw2661%2a2ad0%dir%/Data/UF/../
24-Jul-2014 15:53:06.958 189948240/305725440 56806172%NeuroElf%jw2661%2a2ad0%dir%/Data/CG/
24-Jul-2014 15:53:09.651 187722304/305725440 81415983%NeuroElf%jw2661%2a2ad0%openfile%/Data/CG/CG_3DT1.vmr
24-Jul-2014 15:53:10.037 174439312/305725440 71071442%NeuroElf%jw2661%2a2ad0%tcplot
24-Jul-2014 15:53:10.047 173829696/305725440 94134310%NeuroElf%jw2661%2a2ad0%uistate
24-Jul-2014 15:53:10.101 173829696/305725440 990124%NeuroElf%jw2661%2a2ad0%corslice
24-Jul-2014 15:53:10.113 173829664/305725440 39915918%NeuroElf%jw2661%2a2ad0%traslice
24-Jul-2014 15:53:10.125 173829664/305725440 92580200%NeuroElf%jw2661%2a2ad0%sagslice
24-Jul-2014 15:53:14.285 170431208/305725440 46009048%NeuroElf%jw2661%2a2ad0%openfile%/Data/CG/CG_3DT1_INH_BRAIN_ACPC.vmr
24-Jul-2014 15:53:14.837 158456240/305725440 18193937%NeuroElf%jw2661%2a2ad0%corslice
24-Jul-2014 15:53:14.848 158456240/305725440 15787277%NeuroElf%jw2661%2a2ad0%traslice
24-Jul-2014 15:53:14.860 158303880/305725440 86408428%NeuroElf%jw2661%2a2ad0%tcplot
24-Jul-2014 15:53:14.870 158303848/305725440 68432333%NeuroElf%jw2661%2a2ad0%sagslice
24-Jul-2014 15:53:14.887 158301776/305725440 43835524%NeuroElf%jw2661%2a2ad0%uistate
24-Jul-2014 15:53:18.050 155147288/305725440 68610735%NeuroElf%jw2661%2a2ad0%setvalue%DD_NeuroElf_varlist%3
24-Jul-2014 15:53:18.261 148757592/305725440 60823678%NeuroElf%jw2661%2a2ad0%traslice
24-Jul-2014 15:53:18.272 148742176/305725440 184486%NeuroElf%jw2661%2a2ad0%tcplot
24-Jul-2014 15:53:18.282 148589784/305725440 8274843%NeuroElf%jw2661%2a2ad0%sagslice
24-Jul-2014 15:53:18.294 148589784/305725440 37423646%NeuroElf%jw2661%2a2ad0%corslice
24-Jul-2014 15:53:30.601 172969776/277676032 NE_REMOTE%internal%Java heap memory garbage-collector run...
24-Jul-2014 15:53:32.295 171931920/277676032 40860284%NeuroElf%jw2661%2a2ad0%openfile%/Data/CG/CG_3DT1_INH_ISO.vmr
24-Jul-2014 15:53:32.807 154439728/277676032 36273319%NeuroElf%jw2661%2a2ad0%corslice
24-Jul-2014 15:53:32.818 153671936/277676032 43376725%NeuroElf%jw2661%2a2ad0%tcplot
24-Jul-2014 15:53:32.827 153519576/277676032 10846842%NeuroElf%jw2661%2a2ad0%uistate
24-Jul-2014 15:53:32.883 153519576/277676032 19038960%NeuroElf%jw2661%2a2ad0%sagslice
24-Jul-2014 15:53:32.894 153519576/277676032 82925105%NeuroElf%jw2661%2a2ad0%traslice
24-Jul-2014 15:54:02.723 175380552/283443200 NE_REMOTE%internal%Java heap memory garbage-collector run...
24-Jul-2014 15:54:20.347 113564928/283443200 63440086%NeuroElf%jw2661%2a2ad0%setvalue%DD_NeuroElf_varlist%2
24-Jul-2014 15:54:20.571 104191760/283443200 5751300%NeuroElf%jw2661%2a2ad0%corslice
24-Jul-2014 15:54:20.582 104176568/283443200 69302848%NeuroElf%jw2661%2a2ad0%sagslice
24-Jul-2014 15:54:20.595 104005248/283443200 77777637%NeuroElf%jw2661%2a2ad0%traslice
24-Jul-2014 15:54:20.606 104005248/283443200 41923658%NeuroElf%jw2661%2a2ad0%tcplot
24-Jul-2014 15:54:21.901 101766456/283443200 60579774%NeuroElf%jw2661%2a2ad0%openfile%/Data/CG/CG_3DT1_INH.vmr
24-Jul-2014 15:54:22.447 180979528/305266688 69352919%NeuroElf%jw2661%2a2ad0%tcplot
24-Jul-2014 15:54:22.458 180979496/305266688 65091836%NeuroElf%jw2661%2a2ad0%sagslice
24-Jul-2014 15:54:22.471 180979496/305266688 4845041%NeuroElf%jw2661%2a2ad0%traslice
24-Jul-2014 15:54:22.487 180979464/305266688 78773977%NeuroElf%jw2661%2a2ad0%corslice
24-Jul-2014 15:54:22.502 180979464/305266688 51944505%NeuroElf%jw2661%2a2ad0%uistate
24-Jul-2014 15:54:31.266 176958992/305266688 37567091%NeuroElf%jw2661%2a2ad0%cpos%21%0%-10
24-Jul-2014 15:54:31.398 170983112/305266688 89574208%NeuroElf%jw2661%2a2ad0%corslice
24-Jul-2014 15:54:31.410 170983112/305266688 34807820%NeuroElf%jw2661%2a2ad0%sagslice
24-Jul-2014 15:54:31.422 170983112/305266688 56622404%NeuroElf%jw2661%2a2ad0%tcplot
24-Jul-2014 15:54:31.431 170983112/305266688 32375543%NeuroElf%jw2661%2a2ad0%traslice
24-Jul-2014 15:54:32.843 168668112/305266688 61038064%NeuroElf%jw2661%2a2ad0%cpos%-8%-47%-10
24-Jul-2014 15:54:32.973 162761512/305266688 51668654%NeuroElf%jw2661%2a2ad0%tcplot
24-Jul-2014 15:54:32.982 162761512/305266688 27787332%NeuroElf%jw2661%2a2ad0%traslice
24-Jul-2014 15:54:32.994 162761480/305266688 57200519%NeuroElf%jw2661%2a2ad0%sagslice
24-Jul-2014 15:54:33.006 162761448/305266688 75093994%NeuroElf%jw2661%2a2ad0%corslice
24-Jul-2014 15:54:34.726 160468096/305266688 69994852%NeuroElf%jw2661%2a2ad0%cpos%-8%-46%-9
24-Jul-2014 15:54:34.854 154478920/305266688 47591491%NeuroElf%jw2661%2a2ad0%corslice
24-Jul-2014 15:54:34.865 154478888/305266688 45367767%NeuroElf%jw2661%2a2ad0%tcplot
24-Jul-2014 15:54:34.875 154478856/305266688 10070549%NeuroElf%jw2661%2a2ad0%traslice
24-Jul-2014 15:54:34.888 154478856/305266688 50193333%NeuroElf%jw2661%2a2ad0%sagslice
24-Jul-2014 15:54:35.234 172506816/280297472 NE_REMOTE%internal%Java heap memory garbage-collector run...
24-Jul-2014 15:55:06.931 198690560/303628288 NE_REMOTE%internal%Java heap memory garbage-collector run...
24-Jul-2014 15:55:19.196 196479568/303628288 73532558%NeuroElf%jw2661%2a2ad0%dir%/Data/CG/../
24-Jul-2014 15:55:20.465 193501632/303628288 34290041%NeuroElf%jw2661%2a2ad0%dir%/Data/../
24-Jul-2014 15:55:24.364 190953920/303628288 86438362%NeuroElf%jw2661%2a2ad0%dir%//Data/
24-Jul-2014 15:55:25.793 188046096/303628288 41533767%NeuroElf%jw2661%2a2ad0%dir%/Data/../
24-Jul-2014 15:55:38.589 175137072/279052288 NE_REMOTE%internal%Java heap memory garbage-collector run...
